# JRE version: OpenJDK Runtime Environment (8.0_112-b06) (build 1.8.0_112-release-b06)
# Java VM: OpenJDK 64-Bit Server VM (25.112-b06 mixed mode linux-amd64 compressed oops)
Heap:
 PSYoungGen      total 198656K, used 18400K [0x00000000e0000000, 0x00000000ed580000, 0x0000000100000000)
  eden space 180224K, 0% used [0x00000000e0000000,0x00000000e0000000,0x00000000eb000000)
  from space 18432K, 99% used [0x00000000eb000000,0x00000000ec1f8040,0x00000000ec200000)
  to   space 14336K, 0% used [0x00000000ec200000,0x00000000ec200000,0x00000000ed000000)
 ParOldGen       total 52224K, used 36462K [0x00000000a0000000, 0x00000000a3300000, 0x00000000e0000000)
  object space 52224K, 69% used [0x00000000a0000000,0x00000000a239b938,0x00000000a3300000)
 Metaspace       used 54304K, capacity 56668K, committed 56832K, reserved 1097728K
  class space    used 7367K, capacity 7885K, committed 7936K, reserved 1048576K
GC Heap History (10 events):
Event: 17.106 GC heap after
Heap after GC invocations=8 (full 1):
 PSYoungGen      total 129536K, used 9749K [0x00000000e0000000, 0x00000000e9c00000, 0x0000000100000000)
  eden space 119296K, 0% used [0x00000000e0000000,0x00000000e0000000,0x00000000e7480000)
  from space 10240K, 95% used [0x00000000e7480000,0x00000000e7e055d0,0x00000000e7e80000)
  to   space 11776K, 0% used [0x00000000e9080000,0x00000000e9080000,0x00000000e9c00000)
 ParOldGen       total 38400K, used 9165K [0x00000000a0000000, 0x00000000a2580000, 0x00000000e0000000)
  object space 38400K, 23% used [0x00000000a0000000,0x00000000a08f3770,0x00000000a2580000)
 Metaspace       used 32285K, capacity 32972K, committed 33280K, reserved 1077248K
  class space    used 4401K, capacity 4583K, committed 4608K, reserved 1048576K
}
Event: 17.741 GC heap before
{Heap before GC invocations=9 (full 1):
 PSYoungGen      total 129536K, used 36192K [0x00000000e0000000, 0x00000000e9c00000, 0x0000000100000000)
  eden space 119296K, 22% used [0x00000000e0000000,0x00000000e19d2aa0,0x00000000e7480000)
  from space 10240K, 95% used [0x00000000e7480000,0x00000000e7e055d0,0x00000000e7e80000)
  to   space 11776K, 0% used [0x00000000e9080000,0x00000000e9080000,0x00000000e9c00000)
 ParOldGen       total 38400K, used 9165K [0x00000000a0000000, 0x00000000a2580000, 0x00000000e0000000)
  object space 38400K, 23% used [0x00000000a0000000,0x00000000a08f3770,0x00000000a2580000)
 Metaspace       used 34522K, capacity 35236K, committed 35456K, reserved 1079296K
  class space    used 4662K, capacity 4891K, committed 4992K, reserved 1048576K
Event: 17.775 GC heap after
Heap after GC invocations=9 (full 1):
 PSYoungGen      total 147456K, used 9048K [0x00000000e0000000, 0x00000000ed500000, 0x0000000100000000)
  eden space 135680K, 0% used [0x00000000e0000000,0x00000000e0000000,0x00000000e8480000)
  from space 11776K, 76% used [0x00000000e9080000,0x00000000e9956028,0x00000000e9c00000)
  to   space 12288K, 0% used [0x00000000e8480000,0x00000000e8480000,0x00000000e9080000)
 ParOldGen       total 38400K, used 9173K [0x00000000a0000000, 0x00000000a2580000, 0x00000000e0000000)
  object space 38400K, 23% used [0x00000000a0000000,0x00000000a08f5770,0x00000000a2580000)
 Metaspace       used 34522K, capacity 35236K, committed 35456K, reserved 1079296K
  class space    used 4662K, capacity 4891K, committed 4992K, reserved 1048576K
}
Event: 17.775 GC heap before
{Heap before GC invocations=10 (full 2):
 PSYoungGen      total 147456K, used 9048K [0x00000000e0000000, 0x00000000ed500000, 0x0000000100000000)
  eden space 135680K, 0% used [0x00000000e0000000,0x00000000e0000000,0x00000000e8480000)
  from space 11776K, 76% used [0x00000000e9080000,0x00000000e9956028,0x00000000e9c00000)
  to   space 12288K, 0% used [0x00000000e8480000,0x00000000e8480000,0x00000000e9080000)
 ParOldGen       total 38400K, used 9173K [0x00000000a0000000, 0x00000000a2580000, 0x00000000e0000000)
  object space 38400K, 23% used [0x00000000a0000000,0x00000000a08f5770,0x00000000a2580000)
 Metaspace       used 34522K, capacity 35236K, committed 35456K, reserved 1079296K
  class space    used 4662K, capacity 4891K, committed 4992K, reserved 1048576K
Event: 17.870 GC heap after
Heap after GC invocations=10 (full 2):
 PSYoungGen      total 147456K, used 0K [0x00000000e0000000, 0x00000000ed500000, 0x0000000100000000)
  eden space 135680K, 0% used [0x00000000e0000000,0x00000000e0000000,0x00000000e8480000)
  from space 11776K, 0% used [0x00000000e9080000,0x00000000e9080000,0x00000000e9c00000)
  to   space 12288K, 0% used [0x00000000e8480000,0x00000000e8480000,0x00000000e9080000)
 ParOldGen       total 52224K, used 15691K [0x00000000a0000000, 0x00000000a3300000, 0x00000000e0000000)
  object space 52224K, 30% used [0x00000000a0000000,0x00000000a0f52d30,0x00000000a3300000)
 Metaspace       used 34522K, capacity 35236K, committed 35456K, reserved 1079296K
  class space    used 4662K, capacity 4891K, committed 4992K, reserved 1048576K
}
Event: 23.475 GC heap before
{Heap before GC invocations=11 (full 2):
 PSYoungGen      total 147456K, used 135680K [0x00000000e0000000, 0x00000000ed500000, 0x0000000100000000)
  eden space 135680K, 100% used [0x00000000e0000000,0x00000000e8480000,0x00000000e8480000)
  from space 11776K, 0% used [0x00000000e9080000,0x00000000e9080000,0x00000000e9c00000)
  to   space 12288K, 0% used [0x00000000e8480000,0x00000000e8480000,0x00000000e9080000)
 ParOldGen       total 52224K, used 15691K [0x00000000a0000000, 0x00000000a3300000, 0x00000000e0000000)
  object space 52224K, 30% used [0x00000000a0000000,0x00000000a0f52d30,0x00000000a3300000)
 Metaspace       used 42798K, capacity 43696K, committed 43904K, reserved 1087488K
  class space    used 5770K, capacity 6000K, committed 6016K, reserved 1048576K
Event: 23.490 GC heap after
Heap after GC invocations=11 (full 2):
 PSYoungGen      total 147968K, used 12137K [0x00000000e0000000, 0x00000000ed000000, 0x0000000100000000)
  eden space 135680K, 0% used [0x00000000e0000000,0x00000000e0000000,0x00000000e8480000)
  from space 12288K, 98% used [0x00000000e8480000,0x00000000e905a550,0x00000000e9080000)
  to   space 14336K, 0% used [0x00000000ec200000,0x00000000ec200000,0x00000000ed000000)
 ParOldGen       total 52224K, used 15699K [0x00000000a0000000, 0x00000000a3300000, 0x00000000e0000000)
  object space 52224K, 30% used [0x00000000a0000000,0x00000000a0f54d30,0x00000000a3300000)
 Metaspace       used 42798K, capacity 43696K, committed 43904K, reserved 1087488K
  class space    used 5770K, capacity 6000K, committed 6016K, reserved 1048576K
}
Event: 29.153 GC heap before
{Heap before GC invocations=12 (full 2):
 PSYoungGen      total 147968K, used 147817K [0x00000000e0000000, 0x00000000ed000000, 0x0000000100000000)
  eden space 135680K, 100% used [0x00000000e0000000,0x00000000e8480000,0x00000000e8480000)
  from space 12288K, 98% used [0x00000000e8480000,0x00000000e905a550,0x00000000e9080000)
  to   space 14336K, 0% used [0x00000000ec200000,0x00000000ec200000,0x00000000ed000000)
 ParOldGen       total 52224K, used 15699K [0x00000000a0000000, 0x00000000a3300000, 0x00000000e0000000)
  object space 52224K, 30% used [0x00000000a0000000,0x00000000a0f54d30,0x00000000a3300000)
 Metaspace       used 49230K, capacity 50752K, committed 50944K, reserved 1093632K
  class space    used 6744K, capacity 7128K, committed 7168K, reserved 1048576K
Event: 29.209 GC heap after
Heap after GC invocations=12 (full 2):
 PSYoungGen      total 194560K, used 14306K [0x00000000e0000000, 0x00000000ed580000, 0x0000000100000000)
  eden space 180224K, 0% used [0x00000000e0000000,0x00000000e0000000,0x00000000eb000000)
  from space 14336K, 99% used [0x00000000ec200000,0x00000000ecff8a98,0x00000000ed000000)
  to   space 18432K, 0% used [0x00000000eb000000,0x00000000eb000000,0x00000000ec200000)
 ParOldGen       total 52224K, used 22238K [0x00000000a0000000, 0x00000000a3300000, 0x00000000e0000000)
  object space 52224K, 42% used [0x00000000a0000000,0x00000000a15b78a0,0x00000000a3300000)
 Metaspace       used 49230K, capacity 50752K, committed 50944K, reserved 1093632K
  class space    used 6744K, capacity 7128K, committed 7168K, reserved 1048576K
}
Event: 54.892 GC heap before
{Heap before GC invocations=13 (full 2):
 PSYoungGen      total 194560K, used 194530K [0x00000000e0000000, 0x00000000ed580000, 0x0000000100000000)
  eden space 180224K, 100% used [0x00000000e0000000,0x00000000eb000000,0x00000000eb000000)
  from space 14336K, 99% used [0x00000000ec200000,0x00000000ecff8a98,0x00000000ed000000)
  to   space 18432K, 0% used [0x00000000eb000000,0x00000000eb000000,0x00000000ec200000)
 ParOldGen       total 52224K, used 22238K [0x00000000a0000000, 0x00000000a3300000, 0x00000000e0000000)
  object space 52224K, 42% used [0x00000000a0000000,0x00000000a15b78a0,0x00000000a3300000)
 Metaspace       used 54304K, capacity 56668K, committed 56832K, reserved 1097728K
  class space    used 7367K, capacity 7885K, committed 7936K, reserved 1048576K

